<?xml version="1.0" encoding="UTF-8"?>
<!-- Generated by org.testng.reporters.JUnitReportReporter -->
<testsuite skipped="0" hostname="INHYLNAVATHAK" name="eduarte.modulestestcase.home.HomePageTest" tests="2" failures="0" timestamp="16 Mar 2018 06:26:09 GMT" time="2.041" errors="0">
  <testcase name="TC_03_VerifyHomePage" time="0.021" classname="eduarte.modulestestcase.home.HomePageTest"/>
  <testcase name="TC_04_logOut" time="2.020" classname="eduarte.modulestestcase.home.HomePageTest"/>
</testsuite> <!-- eduarte.modulestestcase.home.HomePageTest -->
