<?xml version="1.0" encoding="UTF-8"?>
<!-- Generated by org.testng.reporters.JUnitReportReporter -->
<testsuite skipped="0" hostname="INHYLNAVATHAK" name="eduarte.moduletestcase.login.LoginPageTest_TestNG" tests="3" failures="0" timestamp="16 Mar 2018 06:26:09 GMT" time="12.304" errors="0">
  <testcase name="tc_01_VerifyLoginPage" time="0.026" classname="eduarte.moduletestcase.login.LoginPageTest_TestNG"/>
  <testcase name="tc_02_successfulLogin" time="10.471" classname="eduarte.moduletestcase.login.LoginPageTest_TestNG"/>
  <testcase name="tc_03_logOut" time="1.807" classname="eduarte.moduletestcase.login.LoginPageTest_TestNG"/>
</testsuite> <!-- eduarte.moduletestcase.login.LoginPageTest_TestNG -->
