<?xml version="1.0" encoding="UTF-8"?>
<!-- Generated by org.testng.reporters.JUnitReportReporter -->
<testsuite skipped="0" hostname="INHYLNAVATHAK" name="imdb.moduletestcase.createaccountsignin.CreateAccountPageValidations" tests="6" failures="0" timestamp="22 Jun 2019 09:54:34 GMT" time="64.988" errors="0">
  <testcase name="TC_01_verifyHomePage" time="0.031" classname="imdb.moduletestcase.createaccountsignin.CreateAccountPageValidations"/>
  <testcase name="TC_02_clickOnSignInWithOutEnteringanyValues" time="7.591" classname="imdb.moduletestcase.createaccountsignin.CreateAccountPageValidations"/>
  <testcase name="TC_03_verifyWithMisMatchPassword" time="15.017" classname="imdb.moduletestcase.createaccountsignin.CreateAccountPageValidations"/>
  <testcase name="TC_04_VerifyExistingEmailAccount" time="15.184" classname="imdb.moduletestcase.createaccountsignin.CreateAccountPageValidations"/>
  <testcase name="TC_05_VerifyInvalidEmail" time="14.019" classname="imdb.moduletestcase.createaccountsignin.CreateAccountPageValidations"/>
  <testcase name="TC_06_signInWithExistingUser" time="13.146" classname="imdb.moduletestcase.createaccountsignin.CreateAccountPageValidations"/>
</testsuite> <!-- imdb.moduletestcase.createaccountsignin.CreateAccountPageValidations -->
