<?xml version="1.0" encoding="UTF-8"?>
<!-- Generated by org.testng.reporters.JUnitReportReporter -->
<testsuite skipped="0" hostname="INHYLNAVATHAK" name="imdb.moduletestcase.createaccountsignin.CreateAccountPageTest" tests="3" failures="0" timestamp="22 Jun 2019 09:52:22 GMT" time="20.199" errors="0">
  <testcase name="TC_01_verifyHomePage" time="0.125" classname="imdb.moduletestcase.createaccountsignin.CreateAccountPageTest"/>
  <testcase name="TC_02_clickOnSignIn" time="3.769" classname="imdb.moduletestcase.createaccountsignin.CreateAccountPageTest"/>
  <testcase name="TC_03_createAccount" time="16.305" classname="imdb.moduletestcase.createaccountsignin.CreateAccountPageTest"/>
</testsuite> <!-- imdb.moduletestcase.createaccountsignin.CreateAccountPageTest -->
