<?xml version="1.0" encoding="UTF-8"?>
<!-- Generated by org.testng.reporters.JUnitReportReporter -->
<testsuite skipped="0" hostname="INHYLNAVATHAK" name="imdb.modulestestcase.home.HomePageTest" tests="2" failures="0" timestamp="21 Jun 2019 12:23:35 GMT" time="5.077" errors="0">
  <testcase name="TC_01_verifyHomePage" time="0.038" classname="imdb.modulestestcase.home.HomePageTest"/>
  <testcase name="TC_02_clickOnSignIn" time="5.039" classname="imdb.modulestestcase.home.HomePageTest"/>
</testsuite> <!-- imdb.modulestestcase.home.HomePageTest -->
